<?xml version="1.0" encoding="UTF-8"?>
<!-- Generated by org.testng.reporters.JUnitReportReporter -->
<testsuite hostname="STI-D01-PRAKAS" name="LaunchScript.TestAttach" tests="1" failures="0" timestamp="28 Jul 2017 10:27:19 GMT" time="7.731" errors="0">
  <testcase name="TestOne" time="7.731" classname="LaunchScript.TestAttach"/>
</testsuite> <!-- LaunchScript.TestAttach -->
