<?xml version="1.0" encoding="UTF-8"?>
<!-- Generated by org.testng.reporters.JUnitReportReporter -->
<testsuite hostname="STIPL-SMBD0067" name="TestCases.TestCases" tests="1" failures="0" timestamp="19 Feb 2019 12:25:25 GMT" time="120.320" errors="0">
  <testcase name="TC_009" time="120.320" classname="TestCases.TestCases"/>
</testsuite> <!-- TestCases.TestCases -->
