<?xml version="1.0" encoding="UTF-8"?>
<!-- Generated by org.testng.reporters.JUnitReportReporter -->
<testsuite hostname="STI-D01-DARSHAN" name="LaunchScript.LaunchScript" tests="1" failures="0" timestamp="10 Aug 2018 09:35:21 GMT" time="139.657" errors="0">
  <testcase name="Launch" time="139.657" classname="LaunchScript.LaunchScript"/>
</testsuite> <!-- LaunchScript.LaunchScript -->
